Arguments: 
  /usr/bin/node /usr/share/yarn/bin/yarn.js install

PATH: 
  /home/rupesh/anaconda3/condabin:/home/linuxbrew/.linuxbrew/bin:/home/linuxbrew/.linuxbrew/sbin:/home/rupesh/.local/bin:/usr/local/sbin:/usr/local/bin:/usr/sbin:/usr/bin:/sbin:/bin:/usr/games:/usr/local/games:/snap/bin:/home/rupesh/.dotnet/tools

Yarn version: 
  1.22.15

Node version: 
  14.18.1

Platform: 
  linux x64

Trace: 
  SyntaxError: /home/rupesh/hack/outreachy/kindly/client/package.json: Unexpected token } in JSON at position 453
      at JSON.parse (<anonymous>)
      at /usr/share/yarn/lib/cli.js:1625:59
      at Generator.next (<anonymous>)
      at step (/usr/share/yarn/lib/cli.js:310:30)
      at /usr/share/yarn/lib/cli.js:321:13

npm manifest: 
  {
    "name": "kindly",
    "version": "1.0.0",
    "private": true,
    "scripts": {
      "dev": "nuxt",
      "build": "nuxt build",
      "start": "nuxt start",
      "generate": "nuxt generate",
      "prepare": "cd .. && husky install client/.husky",
      "lint": "eslint .",
      "lint:fix": "eslint . --fix",
      "format": "prettier --check \"**/*.+(js|jsx|json|yml|yaml|css|vue)\"",
      "format:fix": "prettier --write \"**/*.+(js|jsx|json|yml|yaml|css|vue)\"",
    },
    "dependencies": {
      "@nuxt/content": "^1.14.0",
      "@nuxtjs/axios": "^5.13.6",
      "@nuxtjs/proxy": "^2.1.0",
      "@nuxtjs/pwa": "^3.3.5",
      "core-js": "^3.15.1",
      "lottie-web": "^5.7.13",
      "nuxt": "^2.15.7",
      "vue-lottie": "^0.2.1",
      "vuetify": "^2.5.5"
    },
    "devDependencies": {
      "@nuxtjs/vuetify": "^1.12.1",
      "eslint": "^7.32.0",
      "eslint-config-standard": "^16.0.3",
      "eslint-plugin-import": "^2.25.2",
      "eslint-plugin-node": "^11.1.0",
      "eslint-plugin-promise": "^5.1.0",
      "eslint-plugin-vue": "^7.19.1",
      "husky": "^7.0.2",
      "lint-staged": "^11.2.3",
      "prettier": "^2.4.1"
    },
    "lint-staged": {
      "*.{js,vue}": "eslint --cache --fix",
      "*.{js,css,md}": "prettier --write"
    }
  }

yarn manifest: 
  No manifest

Lockfile: 
  No lockfile
